# JRE version: OpenJDK Runtime Environment Temurin-21.0.8+9 (21.0.8+9) (build 21.0.8+9-LTS)
# Java VM: OpenJDK 64-Bit Server VM Temurin-21.0.8+9 (21.0.8+9-LTS, mixed mode, sharing, tiered, compressed oops, compressed class ptrs, parallel gc, windows-amd64)
GC Precious Log:
 CardTable entry size: 512
 CPUs: 12 total, 12 available
 Memory: 5996M
 Large Page Support: Disabled
 NUMA Support: Disabled
 Compressed Oops: Enabled (32-bit)
 Alignments: Space 512K, Generation 512K, Heap 2M
 Heap Min Capacity: 100M
 Heap Initial Capacity: 100M
 Heap Max Capacity: 2G
 Pre-touch: Disabled
 Parallel Workers: 10
Heap:
 PSYoungGen      total 12800K, used 11539K [0x00000000d5580000, 0x00000000d6400000, 0x0000000100000000)
  eden space 12288K, 89% used [0x00000000d5580000,0x00000000d6048670,0x00000000d6180000)
  from space 512K, 97% used [0x00000000d6300000,0x00000000d637c5c0,0x00000000d6380000)
  to   space 512K, 0% used [0x00000000d6380000,0x00000000d6380000,0x00000000d6400000)
 ParOldGen       total 1060352K, used 686768K [0x0000000080000000, 0x00000000c0b80000, 0x00000000d5580000)
  object space 1060352K, 64% used [0x0000000080000000,0x00000000a9eac380,0x00000000c0b80000)
 Metaspace       used 80757K, committed 82624K, reserved 1179648K
  class space    used 8149K, committed 8960K, reserved 1048576K
GC Heap History (20 events):
Event: 926.639 GC heap before
{Heap before GC invocations=1374 (full 4):
 PSYoungGen      total 13312K, used 12992K [0x00000000d5580000, 0x00000000d6980000, 0x0000000100000000)
  eden space 8192K, 100% used [0x00000000d5580000,0x00000000d5d80000,0x00000000d5d80000)
  from space 5120K, 93% used [0x00000000d5d80000,0x00000000d6230010,0x00000000d6280000)
  to   space 5120K, 0% used [0x00000000d6480000,0x00000000d6480000,0x00000000d6980000)
 ParOldGen       total 1060352K, used 650839K [0x0000000080000000, 0x00000000c0b80000, 0x00000000d5580000)
  object space 1060352K, 61% used [0x0000000080000000,0x00000000a7b95e10,0x00000000c0b80000)
 Metaspace       used 76961K, committed 78912K, reserved 1179648K
  class space    used 7646K, committed 8512K, reserved 1048576K
}
Event: 926.658 GC heap after
{Heap after GC invocations=1374 (full 4):
 PSYoungGen      total 14848K, used 5120K [0x00000000d5580000, 0x00000000d6a80000, 0x0000000100000000)
  eden space 9728K, 0% used [0x00000000d5580000,0x00000000d5580000,0x00000000d5f00000)
  from space 5120K, 100% used [0x00000000d6480000,0x00000000d6980000,0x00000000d6980000)
  to   space 5632K, 0% used [0x00000000d5f00000,0x00000000d5f00000,0x00000000d6480000)
 ParOldGen       total 1060352K, used 655382K [0x0000000080000000, 0x00000000c0b80000, 0x00000000d5580000)
  object space 1060352K, 61% used [0x0000000080000000,0x00000000a8005a08,0x00000000c0b80000)
 Metaspace       used 76961K, committed 78912K, reserved 1179648K
  class space    used 7646K, committed 8512K, reserved 1048576K
}
Event: 926.693 GC heap before
{Heap before GC invocations=1375 (full 4):
 PSYoungGen      total 14848K, used 14848K [0x00000000d5580000, 0x00000000d6a80000, 0x0000000100000000)
  eden space 9728K, 100% used [0x00000000d5580000,0x00000000d5f00000,0x00000000d5f00000)
  from space 5120K, 100% used [0x00000000d6480000,0x00000000d6980000,0x00000000d6980000)
  to   space 5632K, 0% used [0x00000000d5f00000,0x00000000d5f00000,0x00000000d6480000)
 ParOldGen       total 1060352K, used 655382K [0x0000000080000000, 0x00000000c0b80000, 0x00000000d5580000)
  object space 1060352K, 61% used [0x0000000080000000,0x00000000a8005a08,0x00000000c0b80000)
 Metaspace       used 77139K, committed 79040K, reserved 1179648K
  class space    used 7652K, committed 8512K, reserved 1048576K
}
Event: 926.719 GC heap after
{Heap after GC invocations=1375 (full 4):
 PSYoungGen      total 15360K, used 5622K [0x00000000d5580000, 0x00000000d7900000, 0x0000000100000000)
  eden space 9728K, 0% used [0x00000000d5580000,0x00000000d5580000,0x00000000d5f00000)
  from space 5632K, 99% used [0x00000000d5f00000,0x00000000d647dab0,0x00000000d6480000)
  to   space 12288K, 0% used [0x00000000d6d00000,0x00000000d6d00000,0x00000000d7900000)
 ParOldGen       total 1060352K, used 660658K [0x0000000080000000, 0x00000000c0b80000, 0x00000000d5580000)
  object space 1060352K, 62% used [0x0000000080000000,0x00000000a852cba8,0x00000000c0b80000)
 Metaspace       used 77139K, committed 79040K, reserved 1179648K
  class space    used 7652K, committed 8512K, reserved 1048576K
}
Event: 926.744 GC heap before
{Heap before GC invocations=1376 (full 4):
 PSYoungGen      total 15360K, used 15350K [0x00000000d5580000, 0x00000000d7900000, 0x0000000100000000)
  eden space 9728K, 100% used [0x00000000d5580000,0x00000000d5f00000,0x00000000d5f00000)
  from space 5632K, 99% used [0x00000000d5f00000,0x00000000d647dab0,0x00000000d6480000)
  to   space 12288K, 0% used [0x00000000d6d00000,0x00000000d6d00000,0x00000000d7900000)
 ParOldGen       total 1060352K, used 660658K [0x0000000080000000, 0x00000000c0b80000, 0x00000000d5580000)
  object space 1060352K, 62% used [0x0000000080000000,0x00000000a852cba8,0x00000000c0b80000)
 Metaspace       used 77316K, committed 79232K, reserved 1179648K
  class space    used 7677K, committed 8512K, reserved 1048576K
}
Event: 926.766 GC heap after
{Heap after GC invocations=1376 (full 4):
 PSYoungGen      total 17408K, used 5440K [0x00000000d5580000, 0x00000000d7280000, 0x0000000100000000)
  eden space 11776K, 0% used [0x00000000d5580000,0x00000000d5580000,0x00000000d6100000)
  from space 5632K, 96% used [0x00000000d6d00000,0x00000000d7250020,0x00000000d7280000)
  to   space 7680K, 0% used [0x00000000d6380000,0x00000000d6380000,0x00000000d6b00000)
 ParOldGen       total 1060352K, used 666042K [0x0000000080000000, 0x00000000c0b80000, 0x00000000d5580000)
  object space 1060352K, 62% used [0x0000000080000000,0x00000000a8a6e828,0x00000000c0b80000)
 Metaspace       used 77316K, committed 79232K, reserved 1179648K
  class space    used 7677K, committed 8512K, reserved 1048576K
}
Event: 926.797 GC heap before
{Heap before GC invocations=1377 (full 4):
 PSYoungGen      total 17408K, used 17216K [0x00000000d5580000, 0x00000000d7280000, 0x0000000100000000)
  eden space 11776K, 100% used [0x00000000d5580000,0x00000000d6100000,0x00000000d6100000)
  from space 5632K, 96% used [0x00000000d6d00000,0x00000000d7250020,0x00000000d7280000)
  to   space 7680K, 0% used [0x00000000d6380000,0x00000000d6380000,0x00000000d6b00000)
 ParOldGen       total 1060352K, used 666042K [0x0000000080000000, 0x00000000c0b80000, 0x00000000d5580000)
  object space 1060352K, 62% used [0x0000000080000000,0x00000000a8a6e828,0x00000000c0b80000)
 Metaspace       used 77347K, committed 79232K, reserved 1179648K
  class space    used 7682K, committed 8512K, reserved 1048576K
}
Event: 926.818 GC heap after
{Heap after GC invocations=1377 (full 4):
 PSYoungGen      total 20480K, used 6111K [0x00000000d5580000, 0x00000000d7080000, 0x0000000100000000)
  eden space 14336K, 0% used [0x00000000d5580000,0x00000000d5580000,0x00000000d6380000)
  from space 6144K, 99% used [0x00000000d6380000,0x00000000d6977c98,0x00000000d6980000)
  to   space 6656K, 0% used [0x00000000d6a00000,0x00000000d6a00000,0x00000000d7080000)
 ParOldGen       total 1060352K, used 671343K [0x0000000080000000, 0x00000000c0b80000, 0x00000000d5580000)
  object space 1060352K, 63% used [0x0000000080000000,0x00000000a8f9bfd8,0x00000000c0b80000)
 Metaspace       used 77347K, committed 79232K, reserved 1179648K
  class space    used 7682K, committed 8512K, reserved 1048576K
}
Event: 926.853 GC heap before
{Heap before GC invocations=1378 (full 4):
 PSYoungGen      total 20480K, used 20447K [0x00000000d5580000, 0x00000000d7080000, 0x0000000100000000)
  eden space 14336K, 100% used [0x00000000d5580000,0x00000000d6380000,0x00000000d6380000)
  from space 6144K, 99% used [0x00000000d6380000,0x00000000d6977c98,0x00000000d6980000)
  to   space 6656K, 0% used [0x00000000d6a00000,0x00000000d6a00000,0x00000000d7080000)
 ParOldGen       total 1060352K, used 671343K [0x0000000080000000, 0x00000000c0b80000, 0x00000000d5580000)
  object space 1060352K, 63% used [0x0000000080000000,0x00000000a8f9bfd8,0x00000000c0b80000)
 Metaspace       used 77377K, committed 79232K, reserved 1179648K
  class space    used 7684K, committed 8512K, reserved 1048576K
}
Event: 926.876 GC heap after
{Heap after GC invocations=1378 (full 4):
 PSYoungGen      total 13312K, used 6634K [0x00000000d5580000, 0x00000000d8280000, 0x0000000100000000)
  eden space 6656K, 0% used [0x00000000d5580000,0x00000000d5580000,0x00000000d5c00000)
  from space 6656K, 99% used [0x00000000d6a00000,0x00000000d707a9c0,0x00000000d7080000)
  to   space 14336K, 0% used [0x00000000d5c00000,0x00000000d5c00000,0x00000000d6a00000)
 ParOldGen       total 1060352K, used 677484K [0x0000000080000000, 0x00000000c0b80000, 0x00000000d5580000)
  object space 1060352K, 63% used [0x0000000080000000,0x00000000a959b3c8,0x00000000c0b80000)
 Metaspace       used 77377K, committed 79232K, reserved 1179648K
  class space    used 7684K, committed 8512K, reserved 1048576K
}
Event: 927.088 GC heap before
{Heap before GC invocations=1379 (full 4):
 PSYoungGen      total 13312K, used 13264K [0x00000000d5580000, 0x00000000d8280000, 0x0000000100000000)
  eden space 6656K, 99% used [0x00000000d5580000,0x00000000d5bf99f0,0x00000000d5c00000)
  from space 6656K, 99% used [0x00000000d6a00000,0x00000000d707a9c0,0x00000000d7080000)
  to   space 14336K, 0% used [0x00000000d5c00000,0x00000000d5c00000,0x00000000d6a00000)
 ParOldGen       total 1060352K, used 677484K [0x0000000080000000, 0x00000000c0b80000, 0x00000000d5580000)
  object space 1060352K, 63% used [0x0000000080000000,0x00000000a959b3c8,0x00000000c0b80000)
 Metaspace       used 77481K, committed 79360K, reserved 1179648K
  class space    used 7697K, committed 8512K, reserved 1048576K
}
Event: 927.170 GC heap after
{Heap after GC invocations=1379 (full 4):
 PSYoungGen      total 9216K, used 2444K [0x00000000d5580000, 0x00000000d6a80000, 0x0000000100000000)
  eden space 6656K, 0% used [0x00000000d5580000,0x00000000d5580000,0x00000000d5c00000)
  from space 2560K, 95% used [0x00000000d5c00000,0x00000000d5e633d8,0x00000000d5e80000)
  to   space 6656K, 0% used [0x00000000d6400000,0x00000000d6400000,0x00000000d6a80000)
 ParOldGen       total 1060352K, used 684063K [0x0000000080000000, 0x00000000c0b80000, 0x00000000d5580000)
  object space 1060352K, 64% used [0x0000000080000000,0x00000000a9c07d88,0x00000000c0b80000)
 Metaspace       used 77481K, committed 79360K, reserved 1179648K
  class space    used 7697K, committed 8512K, reserved 1048576K
}
Event: 927.233 GC heap before
{Heap before GC invocations=1380 (full 4):
 PSYoungGen      total 9216K, used 9100K [0x00000000d5580000, 0x00000000d6a80000, 0x0000000100000000)
  eden space 6656K, 100% used [0x00000000d5580000,0x00000000d5c00000,0x00000000d5c00000)
  from space 2560K, 95% used [0x00000000d5c00000,0x00000000d5e633d8,0x00000000d5e80000)
  to   space 6656K, 0% used [0x00000000d6400000,0x00000000d6400000,0x00000000d6a80000)
 ParOldGen       total 1060352K, used 684063K [0x0000000080000000, 0x00000000c0b80000, 0x00000000d5580000)
  object space 1060352K, 64% used [0x0000000080000000,0x00000000a9c07d88,0x00000000c0b80000)
 Metaspace       used 77524K, committed 79360K, reserved 1179648K
  class space    used 7706K, committed 8512K, reserved 1048576K
}
Event: 927.260 GC heap after
{Heap after GC invocations=1380 (full 4):
 PSYoungGen      total 8704K, used 462K [0x00000000d5580000, 0x00000000d6480000, 0x0000000100000000)
  eden space 8192K, 0% used [0x00000000d5580000,0x00000000d5580000,0x00000000d5d80000)
  from space 512K, 90% used [0x00000000d6400000,0x00000000d6473b00,0x00000000d6480000)
  to   space 2048K, 0% used [0x00000000d6080000,0x00000000d6080000,0x00000000d6280000)
 ParOldGen       total 1060352K, used 686388K [0x0000000080000000, 0x00000000c0b80000, 0x00000000d5580000)
  object space 1060352K, 64% used [0x0000000080000000,0x00000000a9e4d160,0x00000000c0b80000)
 Metaspace       used 77524K, committed 79360K, reserved 1179648K
  class space    used 7706K, committed 8512K, reserved 1048576K
}
Event: 927.326 GC heap before
{Heap before GC invocations=1381 (full 4):
 PSYoungGen      total 8704K, used 8601K [0x00000000d5580000, 0x00000000d6480000, 0x0000000100000000)
  eden space 8192K, 99% used [0x00000000d5580000,0x00000000d5d729b8,0x00000000d5d80000)
  from space 512K, 90% used [0x00000000d6400000,0x00000000d6473b00,0x00000000d6480000)
  to   space 2048K, 0% used [0x00000000d6080000,0x00000000d6080000,0x00000000d6280000)
 ParOldGen       total 1060352K, used 686388K [0x0000000080000000, 0x00000000c0b80000, 0x00000000d5580000)
  object space 1060352K, 64% used [0x0000000080000000,0x00000000a9e4d160,0x00000000c0b80000)
 Metaspace       used 77561K, committed 79360K, reserved 1179648K
  class space    used 7712K, committed 8512K, reserved 1048576K
}
Event: 927.331 GC heap after
{Heap after GC invocations=1381 (full 4):
 PSYoungGen      total 12288K, used 352K [0x00000000d5580000, 0x00000000d6480000, 0x0000000100000000)
  eden space 10240K, 0% used [0x00000000d5580000,0x00000000d5580000,0x00000000d5f80000)
  from space 2048K, 17% used [0x00000000d6080000,0x00000000d60d8000,0x00000000d6280000)
  to   space 1024K, 0% used [0x00000000d6380000,0x00000000d6380000,0x00000000d6480000)
 ParOldGen       total 1060352K, used 686520K [0x0000000080000000, 0x00000000c0b80000, 0x00000000d5580000)
  object space 1060352K, 64% used [0x0000000080000000,0x00000000a9e6e360,0x00000000c0b80000)
 Metaspace       used 77561K, committed 79360K, reserved 1179648K
  class space    used 7712K, committed 8512K, reserved 1048576K
}
Event: 927.643 GC heap before
{Heap before GC invocations=1382 (full 4):
 PSYoungGen      total 12288K, used 10590K [0x00000000d5580000, 0x00000000d6480000, 0x0000000100000000)
  eden space 10240K, 99% used [0x00000000d5580000,0x00000000d5f7f938,0x00000000d5f80000)
  from space 2048K, 17% used [0x00000000d6080000,0x00000000d60d8000,0x00000000d6280000)
  to   space 1024K, 0% used [0x00000000d6380000,0x00000000d6380000,0x00000000d6480000)
 ParOldGen       total 1060352K, used 686520K [0x0000000080000000, 0x00000000c0b80000, 0x00000000d5580000)
  object space 1060352K, 64% used [0x0000000080000000,0x00000000a9e6e360,0x00000000c0b80000)
 Metaspace       used 78083K, committed 79936K, reserved 1179648K
  class space    used 7761K, committed 8576K, reserved 1048576K
}
Event: 927.646 GC heap after
{Heap after GC invocations=1382 (full 4):
 PSYoungGen      total 12800K, used 320K [0x00000000d5580000, 0x00000000d6400000, 0x0000000100000000)
  eden space 12288K, 0% used [0x00000000d5580000,0x00000000d5580000,0x00000000d6180000)
  from space 512K, 62% used [0x00000000d6380000,0x00000000d63d0000,0x00000000d6400000)
  to   space 512K, 0% used [0x00000000d6300000,0x00000000d6300000,0x00000000d6380000)
 ParOldGen       total 1060352K, used 686608K [0x0000000080000000, 0x00000000c0b80000, 0x00000000d5580000)
  object space 1060352K, 64% used [0x0000000080000000,0x00000000a9e84370,0x00000000c0b80000)
 Metaspace       used 78083K, committed 79936K, reserved 1179648K
  class space    used 7761K, committed 8576K, reserved 1048576K
}
Event: 927.879 GC heap before
{Heap before GC invocations=1383 (full 4):
 PSYoungGen      total 12800K, used 12608K [0x00000000d5580000, 0x00000000d6400000, 0x0000000100000000)
  eden space 12288K, 100% used [0x00000000d5580000,0x00000000d6180000,0x00000000d6180000)
  from space 512K, 62% used [0x00000000d6380000,0x00000000d63d0000,0x00000000d6400000)
  to   space 512K, 0% used [0x00000000d6300000,0x00000000d6300000,0x00000000d6380000)
 ParOldGen       total 1060352K, used 686608K [0x0000000080000000, 0x00000000c0b80000, 0x00000000d5580000)
  object space 1060352K, 64% used [0x0000000080000000,0x00000000a9e84370,0x00000000c0b80000)
 Metaspace       used 79530K, committed 81408K, reserved 1179648K
  class space    used 7962K, committed 8768K, reserved 1048576K
}
Event: 927.882 GC heap after
{Heap after GC invocations=1383 (full 4):
 PSYoungGen      total 12800K, used 497K [0x00000000d5580000, 0x00000000d6400000, 0x0000000100000000)
  eden space 12288K, 0% used [0x00000000d5580000,0x00000000d5580000,0x00000000d6180000)
  from space 512K, 97% used [0x00000000d6300000,0x00000000d637c5c0,0x00000000d6380000)
  to   space 512K, 0% used [0x00000000d6380000,0x00000000d6380000,0x00000000d6400000)
 ParOldGen       total 1060352K, used 686768K [0x0000000080000000, 0x00000000c0b80000, 0x00000000d5580000)
  object space 1060352K, 64% used [0x0000000080000000,0x00000000a9eac380,0x00000000c0b80000)
 Metaspace       used 79530K, committed 81408K, reserved 1179648K
  class space    used 7962K, committed 8768K, reserved 1048576K
}

