# JRE version: OpenJDK Runtime Environment Temurin-21.0.8+9 (21.0.8+9) (build 21.0.8+9-LTS)
# Java VM: OpenJDK 64-Bit Server VM Temurin-21.0.8+9 (21.0.8+9-LTS, mixed mode, sharing, tiered, compressed oops, compressed class ptrs, parallel gc, windows-amd64)
GC Precious Log:
 CardTable entry size: 512
 CPUs: 12 total, 12 available
 Memory: 5996M
 Large Page Support: Disabled
 NUMA Support: Disabled
 Compressed Oops: Enabled (32-bit)
 Alignments: Space 512K, Generation 512K, Heap 2M
 Heap Min Capacity: 100M
 Heap Initial Capacity: 100M
 Heap Max Capacity: 2G
 Pre-touch: Disabled
 Parallel Workers: 10
Heap:
 PSYoungGen      total 6144K, used 5606K [0x00000000d5580000, 0x00000000d5c80000, 0x0000000100000000)
  eden space 5120K, 96% used [0x00000000d5580000,0x00000000d5a51830,0x00000000d5a80000)
  from space 1024K, 65% used [0x00000000d5b80000,0x00000000d5c28000,0x00000000d5c80000)
  to   space 1024K, 0% used [0x00000000d5a80000,0x00000000d5a80000,0x00000000d5b80000)
 ParOldGen       total 866304K, used 866063K [0x0000000080000000, 0x00000000b4e00000, 0x00000000d5580000)
  object space 866304K, 99% used [0x0000000080000000,0x00000000b4dc3d30,0x00000000b4e00000)
 Metaspace       used 70159K, committed 71744K, reserved 1114112K
  class space    used 7133K, committed 7872K, reserved 1048576K
GC Heap History (20 events):
Event: 30.608 GC heap before
{Heap before GC invocations=1190 (full 3):
 PSYoungGen      total 6656K, used 6176K [0x00000000d5580000, 0x00000000d5d80000, 0x0000000100000000)
  eden space 5120K, 100% used [0x00000000d5580000,0x00000000d5a80000,0x00000000d5a80000)
  from space 1536K, 68% used [0x00000000d5c00000,0x00000000d5d08000,0x00000000d5d80000)
  to   space 1536K, 0% used [0x00000000d5a80000,0x00000000d5a80000,0x00000000d5c00000)
 ParOldGen       total 857600K, used 857151K [0x0000000080000000, 0x00000000b4580000, 0x00000000d5580000)
  object space 857600K, 99% used [0x0000000080000000,0x00000000b450fd30,0x00000000b4580000)
 Metaspace       used 70159K, committed 71744K, reserved 1114112K
  class space    used 7133K, committed 7872K, reserved 1048576K
}
Event: 30.611 GC heap after
{Heap after GC invocations=1190 (full 3):
 PSYoungGen      total 6656K, used 1024K [0x00000000d5580000, 0x00000000d5d80000, 0x0000000100000000)
  eden space 5120K, 0% used [0x00000000d5580000,0x00000000d5580000,0x00000000d5a80000)
  from space 1536K, 66% used [0x00000000d5a80000,0x00000000d5b80000,0x00000000d5c00000)
  to   space 1536K, 0% used [0x00000000d5c00000,0x00000000d5c00000,0x00000000d5d80000)
 ParOldGen       total 858112K, used 858039K [0x0000000080000000, 0x00000000b4600000, 0x00000000d5580000)
  object space 858112K, 99% used [0x0000000080000000,0x00000000b45edd30,0x00000000b4600000)
 Metaspace       used 70159K, committed 71744K, reserved 1114112K
  class space    used 7133K, committed 7872K, reserved 1048576K
}
Event: 30.631 GC heap before
{Heap before GC invocations=1191 (full 3):
 PSYoungGen      total 6656K, used 6144K [0x00000000d5580000, 0x00000000d5d80000, 0x0000000100000000)
  eden space 5120K, 100% used [0x00000000d5580000,0x00000000d5a80000,0x00000000d5a80000)
  from space 1536K, 66% used [0x00000000d5a80000,0x00000000d5b80000,0x00000000d5c00000)
  to   space 1536K, 0% used [0x00000000d5c00000,0x00000000d5c00000,0x00000000d5d80000)
 ParOldGen       total 858112K, used 858039K [0x0000000080000000, 0x00000000b4600000, 0x00000000d5580000)
  object space 858112K, 99% used [0x0000000080000000,0x00000000b45edd30,0x00000000b4600000)
 Metaspace       used 70159K, committed 71744K, reserved 1114112K
  class space    used 7133K, committed 7872K, reserved 1048576K
}
Event: 30.635 GC heap after
{Heap after GC invocations=1191 (full 3):
 PSYoungGen      total 6656K, used 1152K [0x00000000d5580000, 0x00000000d5d80000, 0x0000000100000000)
  eden space 5120K, 0% used [0x00000000d5580000,0x00000000d5580000,0x00000000d5a80000)
  from space 1536K, 75% used [0x00000000d5c00000,0x00000000d5d20000,0x00000000d5d80000)
  to   space 1536K, 0% used [0x00000000d5a80000,0x00000000d5a80000,0x00000000d5c00000)
 ParOldGen       total 859136K, used 858903K [0x0000000080000000, 0x00000000b4700000, 0x00000000d5580000)
  object space 859136K, 99% used [0x0000000080000000,0x00000000b46c5d30,0x00000000b4700000)
 Metaspace       used 70159K, committed 71744K, reserved 1114112K
  class space    used 7133K, committed 7872K, reserved 1048576K
}
Event: 30.654 GC heap before
{Heap before GC invocations=1192 (full 3):
 PSYoungGen      total 6656K, used 6272K [0x00000000d5580000, 0x00000000d5d80000, 0x0000000100000000)
  eden space 5120K, 100% used [0x00000000d5580000,0x00000000d5a80000,0x00000000d5a80000)
  from space 1536K, 75% used [0x00000000d5c00000,0x00000000d5d20000,0x00000000d5d80000)
  to   space 1536K, 0% used [0x00000000d5a80000,0x00000000d5a80000,0x00000000d5c00000)
 ParOldGen       total 859136K, used 858903K [0x0000000080000000, 0x00000000b4700000, 0x00000000d5580000)
  object space 859136K, 99% used [0x0000000080000000,0x00000000b46c5d30,0x00000000b4700000)
 Metaspace       used 70159K, committed 71744K, reserved 1114112K
  class space    used 7133K, committed 7872K, reserved 1048576K
}
Event: 30.657 GC heap after
{Heap after GC invocations=1192 (full 3):
 PSYoungGen      total 6656K, used 992K [0x00000000d5580000, 0x00000000d5d80000, 0x0000000100000000)
  eden space 5120K, 0% used [0x00000000d5580000,0x00000000d5580000,0x00000000d5a80000)
  from space 1536K, 64% used [0x00000000d5a80000,0x00000000d5b78000,0x00000000d5c00000)
  to   space 1536K, 0% used [0x00000000d5c00000,0x00000000d5c00000,0x00000000d5d80000)
 ParOldGen       total 860160K, used 859839K [0x0000000080000000, 0x00000000b4800000, 0x00000000d5580000)
  object space 860160K, 99% used [0x0000000080000000,0x00000000b47afd30,0x00000000b4800000)
 Metaspace       used 70159K, committed 71744K, reserved 1114112K
  class space    used 7133K, committed 7872K, reserved 1048576K
}
Event: 30.674 GC heap before
{Heap before GC invocations=1193 (full 3):
 PSYoungGen      total 6656K, used 6112K [0x00000000d5580000, 0x00000000d5d80000, 0x0000000100000000)
  eden space 5120K, 100% used [0x00000000d5580000,0x00000000d5a80000,0x00000000d5a80000)
  from space 1536K, 64% used [0x00000000d5a80000,0x00000000d5b78000,0x00000000d5c00000)
  to   space 1536K, 0% used [0x00000000d5c00000,0x00000000d5c00000,0x00000000d5d80000)
 ParOldGen       total 860160K, used 859839K [0x0000000080000000, 0x00000000b4800000, 0x00000000d5580000)
  object space 860160K, 99% used [0x0000000080000000,0x00000000b47afd30,0x00000000b4800000)
 Metaspace       used 70159K, committed 71744K, reserved 1114112K
  class space    used 7133K, committed 7872K, reserved 1048576K
}
Event: 30.677 GC heap after
{Heap after GC invocations=1193 (full 3):
 PSYoungGen      total 6656K, used 1120K [0x00000000d5580000, 0x00000000d5d80000, 0x0000000100000000)
  eden space 5120K, 0% used [0x00000000d5580000,0x00000000d5580000,0x00000000d5a80000)
  from space 1536K, 72% used [0x00000000d5c00000,0x00000000d5d18000,0x00000000d5d80000)
  to   space 1536K, 0% used [0x00000000d5a80000,0x00000000d5a80000,0x00000000d5c00000)
 ParOldGen       total 861184K, used 860711K [0x0000000080000000, 0x00000000b4900000, 0x00000000d5580000)
  object space 861184K, 99% used [0x0000000080000000,0x00000000b4889d30,0x00000000b4900000)
 Metaspace       used 70159K, committed 71744K, reserved 1114112K
  class space    used 7133K, committed 7872K, reserved 1048576K
}
Event: 30.697 GC heap before
{Heap before GC invocations=1194 (full 3):
 PSYoungGen      total 6656K, used 6240K [0x00000000d5580000, 0x00000000d5d80000, 0x0000000100000000)
  eden space 5120K, 100% used [0x00000000d5580000,0x00000000d5a80000,0x00000000d5a80000)
  from space 1536K, 72% used [0x00000000d5c00000,0x00000000d5d18000,0x00000000d5d80000)
  to   space 1536K, 0% used [0x00000000d5a80000,0x00000000d5a80000,0x00000000d5c00000)
 ParOldGen       total 861184K, used 860711K [0x0000000080000000, 0x00000000b4900000, 0x00000000d5580000)
  object space 861184K, 99% used [0x0000000080000000,0x00000000b4889d30,0x00000000b4900000)
 Metaspace       used 70159K, committed 71744K, reserved 1114112K
  class space    used 7133K, committed 7872K, reserved 1048576K
}
Event: 30.701 GC heap after
{Heap after GC invocations=1194 (full 3):
 PSYoungGen      total 6656K, used 1024K [0x00000000d5580000, 0x00000000d5d80000, 0x0000000100000000)
  eden space 5120K, 0% used [0x00000000d5580000,0x00000000d5580000,0x00000000d5a80000)
  from space 1536K, 66% used [0x00000000d5a80000,0x00000000d5b80000,0x00000000d5c00000)
  to   space 1536K, 0% used [0x00000000d5c00000,0x00000000d5c00000,0x00000000d5d80000)
 ParOldGen       total 861696K, used 861671K [0x0000000080000000, 0x00000000b4980000, 0x00000000d5580000)
  object space 861696K, 99% used [0x0000000080000000,0x00000000b4979d30,0x00000000b4980000)
 Metaspace       used 70159K, committed 71744K, reserved 1114112K
  class space    used 7133K, committed 7872K, reserved 1048576K
}
Event: 30.720 GC heap before
{Heap before GC invocations=1195 (full 3):
 PSYoungGen      total 6656K, used 6144K [0x00000000d5580000, 0x00000000d5d80000, 0x0000000100000000)
  eden space 5120K, 100% used [0x00000000d5580000,0x00000000d5a80000,0x00000000d5a80000)
  from space 1536K, 66% used [0x00000000d5a80000,0x00000000d5b80000,0x00000000d5c00000)
  to   space 1536K, 0% used [0x00000000d5c00000,0x00000000d5c00000,0x00000000d5d80000)
 ParOldGen       total 861696K, used 861671K [0x0000000080000000, 0x00000000b4980000, 0x00000000d5580000)
  object space 861696K, 99% used [0x0000000080000000,0x00000000b4979d30,0x00000000b4980000)
 Metaspace       used 70159K, committed 71744K, reserved 1114112K
  class space    used 7133K, committed 7872K, reserved 1048576K
}
Event: 30.724 GC heap after
{Heap after GC invocations=1195 (full 3):
 PSYoungGen      total 6656K, used 1056K [0x00000000d5580000, 0x00000000d5d80000, 0x0000000100000000)
  eden space 5120K, 0% used [0x00000000d5580000,0x00000000d5580000,0x00000000d5a80000)
  from space 1536K, 68% used [0x00000000d5c00000,0x00000000d5d08000,0x00000000d5d80000)
  to   space 1536K, 0% used [0x00000000d5a80000,0x00000000d5a80000,0x00000000d5c00000)
 ParOldGen       total 862720K, used 862503K [0x0000000080000000, 0x00000000b4a80000, 0x00000000d5580000)
  object space 862720K, 99% used [0x0000000080000000,0x00000000b4a49d30,0x00000000b4a80000)
 Metaspace       used 70159K, committed 71744K, reserved 1114112K
  class space    used 7133K, committed 7872K, reserved 1048576K
}
Event: 30.747 GC heap before
{Heap before GC invocations=1196 (full 3):
 PSYoungGen      total 6656K, used 6176K [0x00000000d5580000, 0x00000000d5d80000, 0x0000000100000000)
  eden space 5120K, 100% used [0x00000000d5580000,0x00000000d5a80000,0x00000000d5a80000)
  from space 1536K, 68% used [0x00000000d5c00000,0x00000000d5d08000,0x00000000d5d80000)
  to   space 1536K, 0% used [0x00000000d5a80000,0x00000000d5a80000,0x00000000d5c00000)
 ParOldGen       total 862720K, used 862503K [0x0000000080000000, 0x00000000b4a80000, 0x00000000d5580000)
  object space 862720K, 99% used [0x0000000080000000,0x00000000b4a49d30,0x00000000b4a80000)
 Metaspace       used 70159K, committed 71744K, reserved 1114112K
  class space    used 7133K, committed 7872K, reserved 1048576K
}
Event: 30.751 GC heap after
{Heap after GC invocations=1196 (full 3):
 PSYoungGen      total 6656K, used 1056K [0x00000000d5580000, 0x00000000d5d80000, 0x0000000100000000)
  eden space 5120K, 0% used [0x00000000d5580000,0x00000000d5580000,0x00000000d5a80000)
  from space 1536K, 68% used [0x00000000d5a80000,0x00000000d5b88000,0x00000000d5c00000)
  to   space 1536K, 0% used [0x00000000d5c00000,0x00000000d5c00000,0x00000000d5d80000)
 ParOldGen       total 863744K, used 863423K [0x0000000080000000, 0x00000000b4b80000, 0x00000000d5580000)
  object space 863744K, 99% used [0x0000000080000000,0x00000000b4b2fd30,0x00000000b4b80000)
 Metaspace       used 70159K, committed 71744K, reserved 1114112K
  class space    used 7133K, committed 7872K, reserved 1048576K
}
Event: 30.764 GC heap before
{Heap before GC invocations=1197 (full 3):
 PSYoungGen      total 6656K, used 6176K [0x00000000d5580000, 0x00000000d5d80000, 0x0000000100000000)
  eden space 5120K, 100% used [0x00000000d5580000,0x00000000d5a80000,0x00000000d5a80000)
  from space 1536K, 68% used [0x00000000d5a80000,0x00000000d5b88000,0x00000000d5c00000)
  to   space 1536K, 0% used [0x00000000d5c00000,0x00000000d5c00000,0x00000000d5d80000)
 ParOldGen       total 863744K, used 863423K [0x0000000080000000, 0x00000000b4b80000, 0x00000000d5580000)
  object space 863744K, 99% used [0x0000000080000000,0x00000000b4b2fd30,0x00000000b4b80000)
 Metaspace       used 70159K, committed 71744K, reserved 1114112K
  class space    used 7133K, committed 7872K, reserved 1048576K
}
Event: 30.767 GC heap after
{Heap after GC invocations=1197 (full 3):
 PSYoungGen      total 6656K, used 1088K [0x00000000d5580000, 0x00000000d5d80000, 0x0000000100000000)
  eden space 5120K, 0% used [0x00000000d5580000,0x00000000d5580000,0x00000000d5a80000)
  from space 1536K, 70% used [0x00000000d5c00000,0x00000000d5d10000,0x00000000d5d80000)
  to   space 1536K, 0% used [0x00000000d5a80000,0x00000000d5a80000,0x00000000d5c00000)
 ParOldGen       total 864768K, used 864327K [0x0000000080000000, 0x00000000b4c80000, 0x00000000d5580000)
  object space 864768K, 99% used [0x0000000080000000,0x00000000b4c11d30,0x00000000b4c80000)
 Metaspace       used 70159K, committed 71744K, reserved 1114112K
  class space    used 7133K, committed 7872K, reserved 1048576K
}
Event: 30.790 GC heap before
{Heap before GC invocations=1198 (full 3):
 PSYoungGen      total 6656K, used 6208K [0x00000000d5580000, 0x00000000d5d80000, 0x0000000100000000)
  eden space 5120K, 100% used [0x00000000d5580000,0x00000000d5a80000,0x00000000d5a80000)
  from space 1536K, 70% used [0x00000000d5c00000,0x00000000d5d10000,0x00000000d5d80000)
  to   space 1536K, 0% used [0x00000000d5a80000,0x00000000d5a80000,0x00000000d5c00000)
 ParOldGen       total 864768K, used 864327K [0x0000000080000000, 0x00000000b4c80000, 0x00000000d5580000)
  object space 864768K, 99% used [0x0000000080000000,0x00000000b4c11d30,0x00000000b4c80000)
 Metaspace       used 70159K, committed 71744K, reserved 1114112K
  class space    used 7133K, committed 7872K, reserved 1048576K
}
Event: 30.793 GC heap after
{Heap after GC invocations=1198 (full 3):
 PSYoungGen      total 6144K, used 928K [0x00000000d5580000, 0x00000000d5c80000, 0x0000000100000000)
  eden space 5120K, 0% used [0x00000000d5580000,0x00000000d5580000,0x00000000d5a80000)
  from space 1024K, 90% used [0x00000000d5a80000,0x00000000d5b68000,0x00000000d5b80000)
  to   space 1024K, 0% used [0x00000000d5b80000,0x00000000d5b80000,0x00000000d5c80000)
 ParOldGen       total 865792K, used 865287K [0x0000000080000000, 0x00000000b4d80000, 0x00000000d5580000)
  object space 865792K, 99% used [0x0000000080000000,0x00000000b4d01d30,0x00000000b4d80000)
 Metaspace       used 70159K, committed 71744K, reserved 1114112K
  class space    used 7133K, committed 7872K, reserved 1048576K
}
Event: 30.826 GC heap before
{Heap before GC invocations=1199 (full 3):
 PSYoungGen      total 6144K, used 6048K [0x00000000d5580000, 0x00000000d5c80000, 0x0000000100000000)
  eden space 5120K, 100% used [0x00000000d5580000,0x00000000d5a80000,0x00000000d5a80000)
  from space 1024K, 90% used [0x00000000d5a80000,0x00000000d5b68000,0x00000000d5b80000)
  to   space 1024K, 0% used [0x00000000d5b80000,0x00000000d5b80000,0x00000000d5c80000)
 ParOldGen       total 865792K, used 865287K [0x0000000080000000, 0x00000000b4d80000, 0x00000000d5580000)
  object space 865792K, 99% used [0x0000000080000000,0x00000000b4d01d30,0x00000000b4d80000)
 Metaspace       used 70159K, committed 71744K, reserved 1114112K
  class space    used 7133K, committed 7872K, reserved 1048576K
}
Event: 30.829 GC heap after
{Heap after GC invocations=1199 (full 3):
 PSYoungGen      total 6144K, used 672K [0x00000000d5580000, 0x00000000d5c80000, 0x0000000100000000)
  eden space 5120K, 0% used [0x00000000d5580000,0x00000000d5580000,0x00000000d5a80000)
  from space 1024K, 65% used [0x00000000d5b80000,0x00000000d5c28000,0x00000000d5c80000)
  to   space 1024K, 0% used [0x00000000d5a80000,0x00000000d5a80000,0x00000000d5b80000)
 ParOldGen       total 866304K, used 866063K [0x0000000080000000, 0x00000000b4e00000, 0x00000000d5580000)
  object space 866304K, 99% used [0x0000000080000000,0x00000000b4dc3d30,0x00000000b4e00000)
 Metaspace       used 70159K, committed 71744K, reserved 1114112K
  class space    used 7133K, committed 7872K, reserved 1048576K
}

